Using pre-set license
Built from '2020.3/staging' branch; Version is '2020.3.6f1 (338bb68529b2) revision 3378102'; Using compiler version '192528614'; Build Type 'Release'
OS: 'Windows 10 Pro; OS build 19042.928; Version 2009; 64bit' Language: 'en' Physical Memory: 16302 MB
BatchMode: 1, IsHumanControllingUs: 0, StartBugReporterOnCrash: 0, Is64bit: 1, IsPro: 0

 COMMAND LINE ARGUMENTS:
C:\Program Files\Unity\Hub\Editor\2020.3.6f1\Editor\Unity.exe
-adb2
-batchMode
-noUpm
-name
AssetImportWorker0
-projectPath
D:/100DaysOfCSharp/Week3/Days2-7/Text101
-logFile
Logs/AssetImportWorker0.log
-srvPort
50285
Successfully changed project path to: D:/100DaysOfCSharp/Week3/Days2-7/Text101
D:/100DaysOfCSharp/Week3/Days2-7/Text101
Using Asset Import Pipeline V2.
Refreshing native plugins compatible for Editor in 28.90 ms, found 1 plugins.
Preloading 0 native plugins for Editor in 0.00 ms.
Initialize engine version: 2020.3.6f1 (338bb68529b2)
[Subsystems] Discovering subsystems at path C:/Program Files/Unity/Hub/Editor/2020.3.6f1/Editor/Data/Resources/UnitySubsystems
[Subsystems] Discovering subsystems at path D:/100DaysOfCSharp/Week3/Days2-7/Text101/Assets
GfxDevice: creating device client; threaded=0
Direct3D:
    Version:  Direct3D 11.0 [level 11.1]
    Renderer: NVIDIA GeForce RTX 2070 (ID=0x1f02)
    Vendor:   
    VRAM:     8031 MB
    Driver:   27.21.14.6109
Initialize mono
Mono path[0] = 'C:/Program Files/Unity/Hub/Editor/2020.3.6f1/Editor/Data/Managed'
Mono path[1] = 'C:/Program Files/Unity/Hub/Editor/2020.3.6f1/Editor/Data/MonoBleedingEdge/lib/mono/unityjit'
Mono config path = 'C:/Program Files/Unity/Hub/Editor/2020.3.6f1/Editor/Data/MonoBleedingEdge/etc'
Using monoOptions --debugger-agent=transport=dt_socket,embedding=1,server=y,suspend=n,address=127.0.0.1:56760
Begin MonoManager ReloadAssembly
Registering precompiled unity dll's ...
Register platform support module: C:/Program Files/Unity/Hub/Editor/2020.3.6f1/Editor/Data/PlaybackEngines/WebGLSupport/UnityEditor.WebGL.Extensions.dll
Register platform support module: C:/Program Files/Unity/Hub/Editor/2020.3.6f1/Editor/Data/PlaybackEngines/WindowsStandaloneSupport/UnityEditor.WindowsStandalone.Extensions.dll
Registered in 0.001596 seconds.
Native extension for WindowsStandalone target not found
Native extension for WebGL target not found
Refreshing native plugins compatible for Editor in 28.42 ms, found 1 plugins.
Preloading 0 native plugins for Editor in 0.00 ms.
Mono: successfully reloaded assembly
- Completed reload, in  0.836 seconds
Platform modules already initialized, skipping
Registering precompiled user dll's ...
Registered in 0.000511 seconds.
Begin MonoManager ReloadAssembly
Native extension for WindowsStandalone target not found
Native extension for WebGL target not found
Refreshing native plugins compatible for Editor in 27.46 ms, found 1 plugins.
Preloading 0 native plugins for Editor in 0.00 ms.
Mono: successfully reloaded assembly
- Completed reload, in  0.700 seconds
Platform modules already initialized, skipping
========================================================================
Worker process is ready to serve import requests
Launched and connected shader compiler UnityShaderCompiler.exe after 0.03 seconds
Refreshing native plugins compatible for Editor in 0.33 ms, found 1 plugins.
Preloading 0 native plugins for Editor in 0.00 ms.
Unloading 1810 Unused Serialized files (Serialized files now loaded: 0)
System memory in use before: 84.9 MB.
System memory in use after: 84.9 MB.

Unloading 24 unused Assets to reduce memory usage. Loaded Objects now: 2253.
Total: 1.881700 ms (FindLiveObjects: 0.232200 ms CreateObjectMapping: 0.065700 ms MarkObjects: 1.487700 ms  DeleteObjects: 0.095600 ms)

========================================================================
Received Import Request.
  path: Assets/States/Hangar/B4.asset
  artifactKey: Guid(ac49d0cd086428049ae8c993c8b302a3) Importer(815301076,1909f56bfc062723c751e8b465ee728b)
Start importing Assets/States/Hangar/B4.asset using Guid(ac49d0cd086428049ae8c993c8b302a3) Importer(815301076,1909f56bfc062723c751e8b465ee728b)  -> (artifact id: '5fce9c14b047a1795882bc5ed1aeb14a') in 0.019511 seconds
  Import took 0.021799 seconds .

========================================================================
Received Import Request.
  Time since last request: 0.000210 seconds.
  path: Assets/States/Hangar/B6.asset
  artifactKey: Guid(ef19034da7544664aa28128521927eb6) Importer(815301076,1909f56bfc062723c751e8b465ee728b)
Start importing Assets/States/Hangar/B6.asset using Guid(ef19034da7544664aa28128521927eb6) Importer(815301076,1909f56bfc062723c751e8b465ee728b)  -> (artifact id: 'deda3b5ed5f5a464b3843c76f384fbb4') in 0.001179 seconds
  Import took 0.003033 seconds .

========================================================================
Received Import Request.
  Time since last request: 0.000152 seconds.
  path: Assets/States/Hangar/B5.asset
  artifactKey: Guid(c7419e08c46aa0d4787807e0d169c746) Importer(815301076,1909f56bfc062723c751e8b465ee728b)
Start importing Assets/States/Hangar/B5.asset using Guid(c7419e08c46aa0d4787807e0d169c746) Importer(815301076,1909f56bfc062723c751e8b465ee728b)  -> (artifact id: '6f2a2b9dc82e0c85872b4c4ee3c4b3b1') in 0.001223 seconds
  Import took 0.003171 seconds .

========================================================================
Received Import Request.
  Time since last request: 0.000145 seconds.
  path: Assets/States/Hangar/B3.asset
  artifactKey: Guid(aa373bdbb69e9d440956fb242ad6fb1e) Importer(815301076,1909f56bfc062723c751e8b465ee728b)
Start importing Assets/States/Hangar/B3.asset using Guid(aa373bdbb69e9d440956fb242ad6fb1e) Importer(815301076,1909f56bfc062723c751e8b465ee728b)  -> (artifact id: '0826f170dd69aa67c8e647e0400934f4') in 0.001351 seconds
  Import took 0.003318 seconds .

========================================================================
Received Import Request.
  Time since last request: 0.000142 seconds.
  path: Assets/States/Hangar/B2.asset
  artifactKey: Guid(8d0bf3202b75f3149b201ec6d883562c) Importer(815301076,1909f56bfc062723c751e8b465ee728b)
Start importing Assets/States/Hangar/B2.asset using Guid(8d0bf3202b75f3149b201ec6d883562c) Importer(815301076,1909f56bfc062723c751e8b465ee728b)  -> (artifact id: '72736564aa7f3008cac7c230cb4db64a') in 0.001330 seconds
  Import took 0.003432 seconds .

========================================================================
Received Prepare
Registering precompiled user dll's ...
Registered in 0.000519 seconds.
Begin MonoManager ReloadAssembly
Native extension for WindowsStandalone target not found
Native extension for WebGL target not found
Refreshing native plugins compatible for Editor in 0.30 ms, found 1 plugins.
Preloading 0 native plugins for Editor in 0.00 ms.
Mono: successfully reloaded assembly
- Completed reload, in  0.649 seconds
Platform modules already initialized, skipping
Refreshing native plugins compatible for Editor in 0.33 ms, found 1 plugins.
Preloading 0 native plugins for Editor in 0.00 ms.
Unloading 1805 Unused Serialized files (Serialized files now loaded: 0)
System memory in use before: 84.9 MB.
System memory in use after: 84.9 MB.

Unloading 12 unused Assets to reduce memory usage. Loaded Objects now: 2257.
Total: 1.713300 ms (FindLiveObjects: 0.190100 ms CreateObjectMapping: 0.073000 ms MarkObjects: 1.365600 ms  DeleteObjects: 0.083800 ms)

========================================================================
Received Prepare
Registering precompiled user dll's ...
Registered in 0.000632 seconds.
Begin MonoManager ReloadAssembly
Native extension for WindowsStandalone target not found
Native extension for WebGL target not found
Refreshing native plugins compatible for Editor in 0.33 ms, found 1 plugins.
Preloading 0 native plugins for Editor in 0.00 ms.
Mono: successfully reloaded assembly
- Completed reload, in  0.660 seconds
Platform modules already initialized, skipping
Refreshing native plugins compatible for Editor in 0.32 ms, found 1 plugins.
Preloading 0 native plugins for Editor in 0.00 ms.
Unloading 1852 Unused Serialized files (Serialized files now loaded: 0)
System memory in use before: 87.9 MB.
System memory in use after: 87.2 MB.

Unloading 25 unused Assets to reduce memory usage. Loaded Objects now: 2295.
Total: 1.946800 ms (FindLiveObjects: 0.199500 ms CreateObjectMapping: 0.077900 ms MarkObjects: 1.376900 ms  DeleteObjects: 0.291200 ms)

========================================================================
Received Prepare
Registering precompiled user dll's ...
Registered in 0.000606 seconds.
Begin MonoManager ReloadAssembly
Native extension for WindowsStandalone target not found
Native extension for WebGL target not found
Refreshing native plugins compatible for Editor in 0.32 ms, found 1 plugins.
Preloading 0 native plugins for Editor in 0.00 ms.
Mono: successfully reloaded assembly
- Completed reload, in  0.662 seconds
Platform modules already initialized, skipping
Refreshing native plugins compatible for Editor in 0.32 ms, found 1 plugins.
Preloading 0 native plugins for Editor in 0.00 ms.
Unloading 1852 Unused Serialized files (Serialized files now loaded: 0)
System memory in use before: 87.9 MB.
System memory in use after: 87.2 MB.

Unloading 25 unused Assets to reduce memory usage. Loaded Objects now: 2299.
Total: 1.969200 ms (FindLiveObjects: 0.172300 ms CreateObjectMapping: 0.058800 ms MarkObjects: 1.411700 ms  DeleteObjects: 0.325600 ms)

AssetImportWorkerClient::OnTransportError - code=2 error=End of file
